<?xml version="1.0" encoding="UTF-8"?>
<!-- Generated by org.testng.reporters.JUnitXMLReporter -->
<testsuite ignored="0" hostname="hp-pc" failures="1" tests="3" name="Test" time="1.821" errors="0" timestamp="2023-05-16T07:29:45 IST">
  <testcase classname="TestLayer.Demo3" name="pqr" time="0.279">
    <failure type="java.lang.AssertionError" message="expected [16] but found [15]">
      <![CDATA[java.lang.AssertionError: expected [16] but found [15]
at TestLayer.Demo3.pqr(Demo3.java:17)
at java.base/java.util.ArrayList.forEach(ArrayList.java:1511)
... Removed 31 stack frames]]>
    </failure>
  </testcase> <!-- pqr -->
  <testcase classname="TestLayer.Demo3" name="abc" time="0.005"/>
  <testcase classname="TestLayer.Demo3" name="xyz" time="0.0">
    <skipped/>
  </testcase> <!-- xyz -->
</testsuite> <!-- Test -->
